2022-03-02 00:00:16.708 DEBUG 11324 --- [http-nio-9999-exec-5] s.w.s.m.m.a.RequestMappingHandlerMapping : Mapped to com.truonggiang.employee_management_system.controller.staff.StaffController#updateStaff(UserPrincipal, UpdateStaffRequest)
2022-03-02 00:00:16.717 DEBUG 11324 --- [http-nio-9999-exec-5] org.hibernate.SQL                        : select user0_.user_id as user_id1_8_, user0_.active_flg as active_f2_8_, user0_.full_name as full_nam3_8_, user0_.login_fist_time as login_fi4_8_, user0_.number_code as number_c5_8_, user0_.password as password6_8_, user0_.status as status7_8_, user0_.user_name as user_nam8_8_ from user user0_ where user0_.user_id=?
2022-03-02 00:00:16.719 DEBUG 11324 --- [http-nio-9999-exec-5] org.hibernate.SQL                        : select roles0_.user_id as user_id1_9_0_, roles0_.role_id as role_id2_9_0_, role1_.role_id as role_id1_4_1_, role1_.description as descript2_4_1_, role1_.role_cd as role_cd3_4_1_, role1_.role_name as role_nam4_4_1_ from user_role roles0_ inner join role role1_ on roles0_.role_id=role1_.role_id where roles0_.user_id=?
2022-03-02 00:00:16.724 DEBUG 11324 --- [http-nio-9999-exec-5] o.s.web.servlet.DispatcherServlet        : POST "/api/staff/update-staff", parameters={}
2022-03-02 00:00:16.724 DEBUG 11324 --- [http-nio-9999-exec-5] s.w.s.m.m.a.RequestMappingHandlerMapping : Mapped to com.truonggiang.employee_management_system.controller.staff.StaffController#updateStaff(UserPrincipal, UpdateStaffRequest)
2022-03-02 00:00:16.758 DEBUG 11324 --- [http-nio-9999-exec-5] m.m.a.RequestResponseBodyMethodProcessor : Read "application/json;charset=UTF-8" to [UpdateStaffRequest(staffNo=00000001, phoneNo=01676122997, gender=0, dateOfBirth=2021-03-01 00:00:00. (truncated)...]
2022-03-02 00:00:16.807  INFO 11324 --- [http-nio-9999-exec-5] c.t.e.controller.staff.StaffController   : Update staff 
2022-03-02 00:00:16.816 DEBUG 11324 --- [http-nio-9999-exec-5] org.hibernate.SQL                        : select staff0_.staff_id as staff_id1_6_, staff0_.active_flg as active_f2_6_, staff0_.blood_group as blood_gr3_6_, staff0_.city as city4_6_, staff0_.created_date as created_5_6_, staff0_.date_of_birth as date_of_6_6_, staff0_.email as email7_6_, staff0_.ethnic as ethnic8_6_, staff0_.first_name as first_na9_6_, staff0_.gender as gender10_6_, staff0_.identity_card_number as identit11_6_, staff0_.last_name as last_na12_6_, staff0_.marital_status as marital13_6_, staff0_.nationality as nationa14_6_, staff0_.phone_no as phone_n15_6_, staff0_.place_of_permanent_1 as place_o16_6_, staff0_.place_of_permanent_2 as place_o17_6_, staff0_.postal_code as postal_18_6_, staff0_.province as provinc19_6_, staff0_.religion as religio20_6_, staff0_.staff_no as staff_n21_6_, staff0_.status as status22_6_, staff0_.updated_date as updated23_6_, staff0_.url_avatar as url_ava24_6_ from staff staff0_ where staff0_.staff_no=? and staff0_.active_flg=?
2022-03-02 00:00:16.820 DEBUG 11324 --- [http-nio-9999-exec-5] org.hibernate.SQL                        : select employeeco0_.staff_id as staff_i11_1_0_, employeeco0_.employee_contract_id as employee1_1_0_, employeeco0_.employee_contract_id as employee1_1_1_, employeeco0_.active_flg as active_f2_1_1_, employeeco0_.contract_date as contract3_1_1_, employeeco0_.contract_end_date as contract4_1_1_, employeeco0_.created_date as created_5_1_1_, employeeco0_.department_id as departme6_1_1_, employeeco0_.employee_salary as employee7_1_1_, employeeco0_.position_id as position8_1_1_, employeeco0_.staff_id as staff_i11_1_1_, employeeco0_.status as status9_1_1_, employeeco0_.updated_date as updated10_1_1_ from employee_contract employeeco0_ where employeeco0_.staff_id=?
2022-03-02 00:00:16.849 DEBUG 11324 --- [http-nio-9999-exec-5] org.hibernate.SQL                        : update staff set active_flg=?, blood_group=?, city=?, created_date=?, date_of_birth=?, email=?, ethnic=?, first_name=?, gender=?, identity_card_number=?, last_name=?, marital_status=?, nationality=?, phone_no=?, place_of_permanent_1=?, place_of_permanent_2=?, postal_code=?, province=?, religion=?, staff_no=?, status=?, updated_date=?, url_avatar=? where staff_id=?
2022-03-02 00:00:16.858  INFO 11324 --- [http-nio-9999-exec-5] c.t.e.controller.staff.StaffController   : Code = 200 OK,Update staff success!,time = 51
2022-03-02 00:00:16.861 DEBUG 11324 --- [http-nio-9999-exec-5] o.s.w.s.m.m.a.HttpEntityMethodProcessor  : Using 'application/json', given [application/json] and supported [application/json, application/*+json, application/json, application/*+json]
2022-03-02 00:00:16.861 DEBUG 11324 --- [http-nio-9999-exec-5] o.s.w.s.m.m.a.HttpEntityMethodProcessor  : Writing [com.truonggiang.employee_management_system.model.BaseModel@735366c1]
2022-03-02 00:00:16.862 DEBUG 11324 --- [http-nio-9999-exec-5] o.s.web.servlet.DispatcherServlet        : Completed 200 OK
2022-03-02 00:00:23.425 DEBUG 11324 --- [http-nio-9999-exec-6] s.w.s.m.m.a.RequestMappingHandlerMapping : Mapped to com.truonggiang.employee_management_system.controller.staff.StaffController#getOneStaff(UserPrincipal, String)
2022-03-02 00:00:23.429 DEBUG 11324 --- [http-nio-9999-exec-6] org.hibernate.SQL                        : select user0_.user_id as user_id1_8_, user0_.active_flg as active_f2_8_, user0_.full_name as full_nam3_8_, user0_.login_fist_time as login_fi4_8_, user0_.number_code as number_c5_8_, user0_.password as password6_8_, user0_.status as status7_8_, user0_.user_name as user_nam8_8_ from user user0_ where user0_.user_id=?
2022-03-02 00:00:23.433 DEBUG 11324 --- [http-nio-9999-exec-6] org.hibernate.SQL                        : select roles0_.user_id as user_id1_9_0_, roles0_.role_id as role_id2_9_0_, role1_.role_id as role_id1_4_1_, role1_.description as descript2_4_1_, role1_.role_cd as role_cd3_4_1_, role1_.role_name as role_nam4_4_1_ from user_role roles0_ inner join role role1_ on roles0_.role_id=role1_.role_id where roles0_.user_id=?
2022-03-02 00:00:23.437 DEBUG 11324 --- [http-nio-9999-exec-6] o.s.web.servlet.DispatcherServlet        : GET "/api/staff/get-one-staff?staff_no=00000001", parameters={masked}
2022-03-02 00:00:23.438 DEBUG 11324 --- [http-nio-9999-exec-6] s.w.s.m.m.a.RequestMappingHandlerMapping : Mapped to com.truonggiang.employee_management_system.controller.staff.StaffController#getOneStaff(UserPrincipal, String)
2022-03-02 00:00:23.439  INFO 11324 --- [http-nio-9999-exec-6] c.t.e.controller.staff.StaffController   : Update staff 
2022-03-02 00:00:23.440 DEBUG 11324 --- [http-nio-9999-exec-6] org.hibernate.SQL                        : select staff0_.staff_id as staff_id1_6_, staff0_.active_flg as active_f2_6_, staff0_.blood_group as blood_gr3_6_, staff0_.city as city4_6_, staff0_.created_date as created_5_6_, staff0_.date_of_birth as date_of_6_6_, staff0_.email as email7_6_, staff0_.ethnic as ethnic8_6_, staff0_.first_name as first_na9_6_, staff0_.gender as gender10_6_, staff0_.identity_card_number as identit11_6_, staff0_.last_name as last_na12_6_, staff0_.marital_status as marital13_6_, staff0_.nationality as nationa14_6_, staff0_.phone_no as phone_n15_6_, staff0_.place_of_permanent_1 as place_o16_6_, staff0_.place_of_permanent_2 as place_o17_6_, staff0_.postal_code as postal_18_6_, staff0_.province as provinc19_6_, staff0_.religion as religio20_6_, staff0_.staff_no as staff_n21_6_, staff0_.status as status22_6_, staff0_.updated_date as updated23_6_, staff0_.url_avatar as url_ava24_6_ from staff staff0_ where staff0_.staff_no=? and staff0_.active_flg=?
2022-03-02 00:00:23.442 DEBUG 11324 --- [http-nio-9999-exec-6] org.hibernate.SQL                        : select employeeco0_.staff_id as staff_i11_1_0_, employeeco0_.employee_contract_id as employee1_1_0_, employeeco0_.employee_contract_id as employee1_1_1_, employeeco0_.active_flg as active_f2_1_1_, employeeco0_.contract_date as contract3_1_1_, employeeco0_.contract_end_date as contract4_1_1_, employeeco0_.created_date as created_5_1_1_, employeeco0_.department_id as departme6_1_1_, employeeco0_.employee_salary as employee7_1_1_, employeeco0_.position_id as position8_1_1_, employeeco0_.staff_id as staff_i11_1_1_, employeeco0_.status as status9_1_1_, employeeco0_.updated_date as updated10_1_1_ from employee_contract employeeco0_ where employeeco0_.staff_id=?
2022-03-02 00:00:23.445  INFO 11324 --- [http-nio-9999-exec-6] c.t.e.controller.staff.StaffController   : Code = 200 OK,Get staff success!,time = 5
2022-03-02 00:00:23.450 DEBUG 11324 --- [http-nio-9999-exec-6] o.s.w.s.m.m.a.HttpEntityMethodProcessor  : Using 'application/json', given [application/json] and supported [application/json, application/*+json, application/json, application/*+json]
2022-03-02 00:00:23.495 DEBUG 11324 --- [http-nio-9999-exec-6] o.s.w.s.m.m.a.HttpEntityMethodProcessor  : Writing [java.lang.StackOverflowError]
2022-03-02 00:00:23.500 DEBUG 11324 --- [http-nio-9999-exec-6] o.s.web.servlet.DispatcherServlet        : Completed 200 OK
2022-03-02 00:07:11.393  INFO 11324 --- [SpringApplicationShutdownHook] j.LocalContainerEntityManagerFactoryBean : Closing JPA EntityManagerFactory for persistence unit 'default'
2022-03-02 00:07:11.400  INFO 11324 --- [SpringApplicationShutdownHook] com.zaxxer.hikari.HikariDataSource       : HikariPool-1 - Shutdown initiated...
2022-03-02 00:07:11.447  INFO 11324 --- [SpringApplicationShutdownHook] com.zaxxer.hikari.HikariDataSource       : HikariPool-1 - Shutdown completed.
2022-03-02 00:07:18.392  INFO 2516 --- [restartedMain] .t.e.EmployeeManagementSystemApplication : Starting EmployeeManagementSystemApplication using Java 1.8.0_202 on DESKTOP-N8AS16L with PID 2516 (F:\BE\employee_management_system\target\classes started by Truong Giang in F:\BE\employee_management_system)
2022-03-02 00:07:18.393  INFO 2516 --- [restartedMain] .t.e.EmployeeManagementSystemApplication : No active profile set, falling back to default profiles: default
2022-03-02 00:07:18.442  INFO 2516 --- [restartedMain] o.s.b.devtools.restart.ChangeableUrls    : The Class-Path manifest attribute in C:\Users\Truong Giang\.m2\repository\io\grpc\grpc-netty-shaded\1.21.0\grpc-netty-shaded-1.21.0.jar referenced one or more files that do not exist: file:/C:/Users/Truong%20Giang/.m2/repository/io/grpc/grpc-netty-shaded/1.21.0/grpc-core-1.21.0.jar,file:/C:/Users/Truong%20Giang/.m2/repository/io/grpc/grpc-netty-shaded/1.21.0/opencensus-contrib-grpc-metrics-0.21.0.jar,file:/C:/Users/Truong%20Giang/.m2/repository/io/grpc/grpc-netty-shaded/1.21.0/opencensus-api-0.21.0.jar,file:/C:/Users/Truong%20Giang/.m2/repository/io/grpc/grpc-netty-shaded/1.21.0/grpc-api-1.21.0.jar,file:/C:/Users/Truong%20Giang/.m2/repository/io/grpc/grpc-netty-shaded/1.21.0/gson-2.7.jar,file:/C:/Users/Truong%20Giang/.m2/repository/io/grpc/grpc-netty-shaded/1.21.0/annotations-4.1.1.4.jar,file:/C:/Users/Truong%20Giang/.m2/repository/io/grpc/grpc-netty-shaded/1.21.0/grpc-context-1.21.0.jar,file:/C:/Users/Truong%20Giang/.m2/repository/io/grpc/grpc-netty-shaded/1.21.0/error_prone_annotations-2.3.2.jar,file:/C:/Users/Truong%20Giang/.m2/repository/io/grpc/grpc-netty-shaded/1.21.0/jsr305-3.0.2.jar,file:/C:/Users/Truong%20Giang/.m2/repository/io/grpc/grpc-netty-shaded/1.21.0/animal-sniffer-annotations-1.17.jar,file:/C:/Users/Truong%20Giang/.m2/repository/io/grpc/grpc-netty-shaded/1.21.0/guava-26.0-android.jar,file:/C:/Users/Truong%20Giang/.m2/repository/io/grpc/grpc-netty-shaded/1.21.0/checker-compat-qual-2.5.2.jar,file:/C:/Users/Truong%20Giang/.m2/repository/io/grpc/grpc-netty-shaded/1.21.0/j2objc-annotations-1.1.jar
2022-03-02 00:07:18.442  INFO 2516 --- [restartedMain] .e.DevToolsPropertyDefaultsPostProcessor : Devtools property defaults active! Set 'spring.devtools.add-properties' to 'false' to disable
2022-03-02 00:07:18.442  INFO 2516 --- [restartedMain] .e.DevToolsPropertyDefaultsPostProcessor : For additional web related logging consider setting the 'logging.level.web' property to 'DEBUG'
2022-03-02 00:07:19.151  INFO 2516 --- [restartedMain] .s.d.r.c.RepositoryConfigurationDelegate : Bootstrapping Spring Data JPA repositories in DEFAULT mode.
2022-03-02 00:07:19.214  INFO 2516 --- [restartedMain] .s.d.r.c.RepositoryConfigurationDelegate : Finished Spring Data repository scanning in 56 ms. Found 3 JPA repository interfaces.
2022-03-02 00:07:19.420  INFO 2516 --- [restartedMain] trationDelegate$BeanPostProcessorChecker : Bean 'webConfiguration' of type [com.truonggiang.employee_management_system.config.WebConfiguration$$EnhancerBySpringCGLIB$$7992ac1c] is not eligible for getting processed by all BeanPostProcessors (for example: not eligible for auto-proxying)
2022-03-02 00:07:19.731  INFO 2516 --- [restartedMain] o.s.b.w.embedded.tomcat.TomcatWebServer  : Tomcat initialized with port(s): 9999 (http)
2022-03-02 00:07:19.737  INFO 2516 --- [restartedMain] o.apache.catalina.core.StandardService   : Starting service [Tomcat]
2022-03-02 00:07:19.738  INFO 2516 --- [restartedMain] org.apache.catalina.core.StandardEngine  : Starting Servlet engine: [Apache Tomcat/9.0.56]
2022-03-02 00:07:19.824  INFO 2516 --- [restartedMain] o.a.c.c.C.[Tomcat].[localhost].[/]       : Initializing Spring embedded WebApplicationContext
2022-03-02 00:07:19.824  INFO 2516 --- [restartedMain] w.s.c.ServletWebServerApplicationContext : Root WebApplicationContext: initialization completed in 1381 ms
2022-03-02 00:07:19.881  WARN 2516 --- [restartedMain] JpaBaseConfiguration$JpaWebConfiguration : spring.jpa.open-in-view is enabled by default. Therefore, database queries may be performed during view rendering. Explicitly configure spring.jpa.open-in-view to disable this warning
2022-03-02 00:07:19.928  INFO 2516 --- [restartedMain] com.zaxxer.hikari.HikariDataSource       : HikariPool-1 - Starting...
2022-03-02 00:07:20.073  INFO 2516 --- [restartedMain] com.zaxxer.hikari.HikariDataSource       : HikariPool-1 - Start completed.
2022-03-02 00:07:20.970  INFO 2516 --- [restartedMain] j.LocalContainerEntityManagerFactoryBean : Initialized JPA EntityManagerFactory for persistence unit 'default'
2022-03-02 00:07:21.738 DEBUG 2516 --- [restartedMain] s.w.s.m.m.a.RequestMappingHandlerMapping : 11 mappings in 'requestMappingHandlerMapping'
2022-03-02 00:07:21.852 DEBUG 2516 --- [restartedMain] o.s.w.s.handler.SimpleUrlHandlerMapping  : Patterns [/webjars/**, /**] in 'resourceHandlerMapping'
2022-03-02 00:07:21.932 DEBUG 2516 --- [restartedMain] s.w.s.m.m.a.RequestMappingHandlerAdapter : ControllerAdvice beans: 0 @ModelAttribute, 0 @InitBinder, 1 RequestBodyAdvice, 1 ResponseBodyAdvice
2022-03-02 00:07:22.119 DEBUG 2516 --- [restartedMain] .m.m.a.ExceptionHandlerExceptionResolver : ControllerAdvice beans: 0 @ExceptionHandler, 1 ResponseBodyAdvice
2022-03-02 00:07:22.252  INFO 2516 --- [restartedMain] o.s.b.d.a.OptionalLiveReloadServer       : LiveReload server is running on port 35729
2022-03-02 00:07:22.284  INFO 2516 --- [restartedMain] o.s.b.w.embedded.tomcat.TomcatWebServer  : Tomcat started on port(s): 9999 (http) with context path ''
2022-03-02 00:07:22.292  INFO 2516 --- [restartedMain] .t.e.EmployeeManagementSystemApplication : Started EmployeeManagementSystemApplication in 4.266 seconds (JVM running for 5.268)
2022-03-02 00:46:11.922  INFO 2516 --- [SpringApplicationShutdownHook] j.LocalContainerEntityManagerFactoryBean : Closing JPA EntityManagerFactory for persistence unit 'default'
2022-03-02 00:46:11.926  INFO 2516 --- [SpringApplicationShutdownHook] com.zaxxer.hikari.HikariDataSource       : HikariPool-1 - Shutdown initiated...
2022-03-02 00:46:11.942  INFO 2516 --- [SpringApplicationShutdownHook] com.zaxxer.hikari.HikariDataSource       : HikariPool-1 - Shutdown completed.
2022-03-02 00:46:17.643  INFO 13040 --- [restartedMain] .t.e.EmployeeManagementSystemApplication : Starting EmployeeManagementSystemApplication using Java 1.8.0_202 on DESKTOP-N8AS16L with PID 13040 (F:\BE\employee_management_system\target\classes started by Truong Giang in F:\BE\employee_management_system)
2022-03-02 00:46:17.644  INFO 13040 --- [restartedMain] .t.e.EmployeeManagementSystemApplication : No active profile set, falling back to default profiles: default
2022-03-02 00:46:17.693  INFO 13040 --- [restartedMain] o.s.b.devtools.restart.ChangeableUrls    : The Class-Path manifest attribute in C:\Users\Truong Giang\.m2\repository\io\grpc\grpc-netty-shaded\1.21.0\grpc-netty-shaded-1.21.0.jar referenced one or more files that do not exist: file:/C:/Users/Truong%20Giang/.m2/repository/io/grpc/grpc-netty-shaded/1.21.0/grpc-core-1.21.0.jar,file:/C:/Users/Truong%20Giang/.m2/repository/io/grpc/grpc-netty-shaded/1.21.0/opencensus-contrib-grpc-metrics-0.21.0.jar,file:/C:/Users/Truong%20Giang/.m2/repository/io/grpc/grpc-netty-shaded/1.21.0/opencensus-api-0.21.0.jar,file:/C:/Users/Truong%20Giang/.m2/repository/io/grpc/grpc-netty-shaded/1.21.0/grpc-api-1.21.0.jar,file:/C:/Users/Truong%20Giang/.m2/repository/io/grpc/grpc-netty-shaded/1.21.0/gson-2.7.jar,file:/C:/Users/Truong%20Giang/.m2/repository/io/grpc/grpc-netty-shaded/1.21.0/annotations-4.1.1.4.jar,file:/C:/Users/Truong%20Giang/.m2/repository/io/grpc/grpc-netty-shaded/1.21.0/grpc-context-1.21.0.jar,file:/C:/Users/Truong%20Giang/.m2/repository/io/grpc/grpc-netty-shaded/1.21.0/error_prone_annotations-2.3.2.jar,file:/C:/Users/Truong%20Giang/.m2/repository/io/grpc/grpc-netty-shaded/1.21.0/jsr305-3.0.2.jar,file:/C:/Users/Truong%20Giang/.m2/repository/io/grpc/grpc-netty-shaded/1.21.0/animal-sniffer-annotations-1.17.jar,file:/C:/Users/Truong%20Giang/.m2/repository/io/grpc/grpc-netty-shaded/1.21.0/guava-26.0-android.jar,file:/C:/Users/Truong%20Giang/.m2/repository/io/grpc/grpc-netty-shaded/1.21.0/checker-compat-qual-2.5.2.jar,file:/C:/Users/Truong%20Giang/.m2/repository/io/grpc/grpc-netty-shaded/1.21.0/j2objc-annotations-1.1.jar
2022-03-02 00:46:17.694  INFO 13040 --- [restartedMain] .e.DevToolsPropertyDefaultsPostProcessor : Devtools property defaults active! Set 'spring.devtools.add-properties' to 'false' to disable
2022-03-02 00:46:17.694  INFO 13040 --- [restartedMain] .e.DevToolsPropertyDefaultsPostProcessor : For additional web related logging consider setting the 'logging.level.web' property to 'DEBUG'
2022-03-02 00:46:18.309  INFO 13040 --- [restartedMain] .s.d.r.c.RepositoryConfigurationDelegate : Bootstrapping Spring Data JPA repositories in DEFAULT mode.
2022-03-02 00:46:18.373  INFO 13040 --- [restartedMain] .s.d.r.c.RepositoryConfigurationDelegate : Finished Spring Data repository scanning in 57 ms. Found 4 JPA repository interfaces.
2022-03-02 00:46:18.573  INFO 13040 --- [restartedMain] trationDelegate$BeanPostProcessorChecker : Bean 'webConfiguration' of type [com.truonggiang.employee_management_system.config.WebConfiguration$$EnhancerBySpringCGLIB$$1cceeb6c] is not eligible for getting processed by all BeanPostProcessors (for example: not eligible for auto-proxying)
2022-03-02 00:46:18.877  INFO 13040 --- [restartedMain] o.s.b.w.embedded.tomcat.TomcatWebServer  : Tomcat initialized with port(s): 9999 (http)
2022-03-02 00:46:18.883  INFO 13040 --- [restartedMain] o.apache.catalina.core.StandardService   : Starting service [Tomcat]
2022-03-02 00:46:18.883  INFO 13040 --- [restartedMain] org.apache.catalina.core.StandardEngine  : Starting Servlet engine: [Apache Tomcat/9.0.56]
2022-03-02 00:46:18.969  INFO 13040 --- [restartedMain] o.a.c.c.C.[Tomcat].[localhost].[/]       : Initializing Spring embedded WebApplicationContext
2022-03-02 00:46:18.969  INFO 13040 --- [restartedMain] w.s.c.ServletWebServerApplicationContext : Root WebApplicationContext: initialization completed in 1275 ms
2022-03-02 00:46:19.026  WARN 13040 --- [restartedMain] JpaBaseConfiguration$JpaWebConfiguration : spring.jpa.open-in-view is enabled by default. Therefore, database queries may be performed during view rendering. Explicitly configure spring.jpa.open-in-view to disable this warning
2022-03-02 00:46:19.073  INFO 13040 --- [restartedMain] com.zaxxer.hikari.HikariDataSource       : HikariPool-1 - Starting...
2022-03-02 00:46:19.215  INFO 13040 --- [restartedMain] com.zaxxer.hikari.HikariDataSource       : HikariPool-1 - Start completed.
2022-03-02 00:46:20.095  INFO 13040 --- [restartedMain] j.LocalContainerEntityManagerFactoryBean : Initialized JPA EntityManagerFactory for persistence unit 'default'
2022-03-02 00:46:20.814 DEBUG 13040 --- [restartedMain] s.w.s.m.m.a.RequestMappingHandlerMapping : 13 mappings in 'requestMappingHandlerMapping'
2022-03-02 00:46:20.914 DEBUG 13040 --- [restartedMain] o.s.w.s.handler.SimpleUrlHandlerMapping  : Patterns [/webjars/**, /**] in 'resourceHandlerMapping'
2022-03-02 00:46:20.989 DEBUG 13040 --- [restartedMain] s.w.s.m.m.a.RequestMappingHandlerAdapter : ControllerAdvice beans: 0 @ModelAttribute, 0 @InitBinder, 1 RequestBodyAdvice, 1 ResponseBodyAdvice
2022-03-02 00:46:21.172 DEBUG 13040 --- [restartedMain] .m.m.a.ExceptionHandlerExceptionResolver : ControllerAdvice beans: 0 @ExceptionHandler, 1 ResponseBodyAdvice
2022-03-02 00:46:21.391  INFO 13040 --- [restartedMain] o.s.b.d.a.OptionalLiveReloadServer       : LiveReload server is running on port 35729
2022-03-02 00:46:21.425  INFO 13040 --- [restartedMain] o.s.b.w.embedded.tomcat.TomcatWebServer  : Tomcat started on port(s): 9999 (http) with context path ''
2022-03-02 00:46:21.434  INFO 13040 --- [restartedMain] .t.e.EmployeeManagementSystemApplication : Started EmployeeManagementSystemApplication in 4.185 seconds (JVM running for 5.145)
2022-03-02 00:55:04.102  INFO 13040 --- [http-nio-9999-exec-2] o.a.c.c.C.[Tomcat].[localhost].[/]       : Initializing Spring DispatcherServlet 'dispatcherServlet'
2022-03-02 00:55:04.102  INFO 13040 --- [http-nio-9999-exec-2] o.s.web.servlet.DispatcherServlet        : Initializing Servlet 'dispatcherServlet'
2022-03-02 00:55:04.102 DEBUG 13040 --- [http-nio-9999-exec-2] o.s.web.servlet.DispatcherServlet        : Detected StandardServletMultipartResolver
2022-03-02 00:55:04.103 DEBUG 13040 --- [http-nio-9999-exec-2] o.s.web.servlet.DispatcherServlet        : Detected AcceptHeaderLocaleResolver
2022-03-02 00:55:04.103 DEBUG 13040 --- [http-nio-9999-exec-2] o.s.web.servlet.DispatcherServlet        : Detected FixedThemeResolver
2022-03-02 00:55:04.104 DEBUG 13040 --- [http-nio-9999-exec-2] o.s.web.servlet.DispatcherServlet        : Detected org.springframework.web.servlet.view.DefaultRequestToViewNameTranslator@5bcaaa16
2022-03-02 00:55:04.104 DEBUG 13040 --- [http-nio-9999-exec-2] o.s.web.servlet.DispatcherServlet        : Detected org.springframework.web.servlet.support.SessionFlashMapManager@67b19b71
2022-03-02 00:55:04.104 DEBUG 13040 --- [http-nio-9999-exec-2] o.s.web.servlet.DispatcherServlet        : enableLoggingRequestDetails='false': request parameters and headers will be masked to prevent unsafe logging of potentially sensitive data
2022-03-02 00:55:04.104  INFO 13040 --- [http-nio-9999-exec-2] o.s.web.servlet.DispatcherServlet        : Completed initialization in 2 ms
2022-03-02 00:55:04.120 DEBUG 13040 --- [http-nio-9999-exec-2] s.w.s.m.m.a.RequestMappingHandlerMapping : Mapped to com.truonggiang.employee_management_system.controller.staff.StaffInformationController#getOneStaffInformation(UserPrincipal, String)
2022-03-02 00:55:04.567 DEBUG 13040 --- [http-nio-9999-exec-2] org.hibernate.SQL                        : select user0_.user_id as user_id1_8_, user0_.active_flg as active_f2_8_, user0_.full_name as full_nam3_8_, user0_.login_fist_time as login_fi4_8_, user0_.number_code as number_c5_8_, user0_.password as password6_8_, user0_.status as status7_8_, user0_.user_name as user_nam8_8_ from user user0_ where user0_.user_id=?
2022-03-02 00:55:04.615 DEBUG 13040 --- [http-nio-9999-exec-2] org.hibernate.SQL                        : select roles0_.user_id as user_id1_9_0_, roles0_.role_id as role_id2_9_0_, role1_.role_id as role_id1_4_1_, role1_.description as descript2_4_1_, role1_.role_cd as role_cd3_4_1_, role1_.role_name as role_nam4_4_1_ from user_role roles0_ inner join role role1_ on roles0_.role_id=role1_.role_id where roles0_.user_id=?
2022-03-02 00:55:04.647 DEBUG 13040 --- [http-nio-9999-exec-2] o.s.web.servlet.DispatcherServlet        : GET "/api/staff-information/get-one?staff_no=00000001", parameters={masked}
2022-03-02 00:55:04.648 DEBUG 13040 --- [http-nio-9999-exec-2] s.w.s.m.m.a.RequestMappingHandlerMapping : Mapped to com.truonggiang.employee_management_system.controller.staff.StaffInformationController#getOneStaffInformation(UserPrincipal, String)
2022-03-02 00:55:04.672  INFO 13040 --- [http-nio-9999-exec-2] c.t.e.controller.staff.StaffController   : Get one staff information
2022-03-02 00:55:04.677 DEBUG 13040 --- [http-nio-9999-exec-2] org.hibernate.SQL                        : select staffinfor0_.staff_information_id as staff_in1_7_, staffinfor0_.account_holder_name as account_2_7_, staffinfor0_.account_number as account_3_7_, staffinfor0_.bank_ branch as bank_4_7_, staffinfor0_.emergency_contact_address as emergenc5_7_, staffinfor0_.emergency_contact_email as emergenc6_7_, staffinfor0_.emergency_contact_name as emergenc7_7_, staffinfor0_.emergency_contact_phone as emergenc8_7_, staffinfor0_.facebook_ulr as facebook9_7_, staffinfor0_.google_url as google_10_7_, staffinfor0_.linkedin_url as linkedi11_7_, staffinfor0_.staff_no as staff_n12_7_, staffinfor0_.story_experience as story_e13_7_, staffinfor0_.story_name as story_n14_7_, staffinfor0_.twitter_url as twitter15_7_ from staff_information staffinfor0_ where staffinfor0_.staff_no=?
2022-03-02 00:55:04.688 ERROR 13040 --- [http-nio-9999-exec-2] o.h.engine.jdbc.spi.SqlExceptionHelper   : You have an error in your SQL syntax; check the manual that corresponds to your MySQL server version for the right syntax to use near 'as bank_4_7_, staffinfor0_.emergency_contact_address as emergenc5_7_, staffinfor' at line 1
2022-03-02 00:55:04.702  INFO 13040 --- [http-nio-9999-exec-2] c.t.e.controller.staff.StaffController   : Code = 500 INTERNAL_SERVER_ERROR,Server error!,time = 30
2022-03-02 00:55:04.747 DEBUG 13040 --- [http-nio-9999-exec-2] o.s.w.s.m.m.a.HttpEntityMethodProcessor  : Using 'application/json', given [application/json] and supported [application/json, application/*+json, application/json, application/*+json]
2022-03-02 00:55:04.748 DEBUG 13040 --- [http-nio-9999-exec-2] o.s.w.s.m.m.a.HttpEntityMethodProcessor  : Writing [com.truonggiang.employee_management_system.model.BaseModel@1ee4a6e6]
2022-03-02 00:55:04.760 DEBUG 13040 --- [http-nio-9999-exec-2] o.s.web.servlet.DispatcherServlet        : Completed 500 INTERNAL_SERVER_ERROR
2022-03-02 01:00:14.697 DEBUG 13040 --- [http-nio-9999-exec-4] s.w.s.m.m.a.RequestMappingHandlerMapping : Mapped to com.truonggiang.employee_management_system.controller.staff.StaffInformationController#getOneStaffInformation(UserPrincipal, String)
2022-03-02 01:00:14.699 DEBUG 13040 --- [http-nio-9999-exec-4] org.hibernate.SQL                        : select user0_.user_id as user_id1_8_, user0_.active_flg as active_f2_8_, user0_.full_name as full_nam3_8_, user0_.login_fist_time as login_fi4_8_, user0_.number_code as number_c5_8_, user0_.password as password6_8_, user0_.status as status7_8_, user0_.user_name as user_nam8_8_ from user user0_ where user0_.user_id=?
2022-03-02 01:00:14.701 DEBUG 13040 --- [http-nio-9999-exec-4] org.hibernate.SQL                        : select roles0_.user_id as user_id1_9_0_, roles0_.role_id as role_id2_9_0_, role1_.role_id as role_id1_4_1_, role1_.description as descript2_4_1_, role1_.role_cd as role_cd3_4_1_, role1_.role_name as role_nam4_4_1_ from user_role roles0_ inner join role role1_ on roles0_.role_id=role1_.role_id where roles0_.user_id=?
2022-03-02 01:00:14.703 DEBUG 13040 --- [http-nio-9999-exec-4] o.s.web.servlet.DispatcherServlet        : GET "/api/staff-information/get-one?staff_no=00000001", parameters={masked}
2022-03-02 01:00:14.703 DEBUG 13040 --- [http-nio-9999-exec-4] s.w.s.m.m.a.RequestMappingHandlerMapping : Mapped to com.truonggiang.employee_management_system.controller.staff.StaffInformationController#getOneStaffInformation(UserPrincipal, String)
2022-03-02 01:00:14.703  INFO 13040 --- [http-nio-9999-exec-4] c.t.e.controller.staff.StaffController   : Get one staff information
2022-03-02 01:00:14.703 DEBUG 13040 --- [http-nio-9999-exec-4] org.hibernate.SQL                        : select staffinfor0_.staff_information_id as staff_in1_7_, staffinfor0_.account_holder_name as account_2_7_, staffinfor0_.account_number as account_3_7_, staffinfor0_.bank_ branch as bank_4_7_, staffinfor0_.emergency_contact_address as emergenc5_7_, staffinfor0_.emergency_contact_email as emergenc6_7_, staffinfor0_.emergency_contact_name as emergenc7_7_, staffinfor0_.emergency_contact_phone as emergenc8_7_, staffinfor0_.facebook_ulr as facebook9_7_, staffinfor0_.google_url as google_10_7_, staffinfor0_.linkedin_url as linkedi11_7_, staffinfor0_.staff_no as staff_n12_7_, staffinfor0_.story_experience as story_e13_7_, staffinfor0_.story_name as story_n14_7_, staffinfor0_.twitter_url as twitter15_7_ from staff_information staffinfor0_ where staffinfor0_.staff_no=?
2022-03-02 01:00:14.704 ERROR 13040 --- [http-nio-9999-exec-4] o.h.engine.jdbc.spi.SqlExceptionHelper   : You have an error in your SQL syntax; check the manual that corresponds to your MySQL server version for the right syntax to use near 'as bank_4_7_, staffinfor0_.emergency_contact_address as emergenc5_7_, staffinfor' at line 1
2022-03-02 01:00:14.704  INFO 13040 --- [http-nio-9999-exec-4] c.t.e.controller.staff.StaffController   : Code = 500 INTERNAL_SERVER_ERROR,Server error!,time = 1
2022-03-02 01:00:14.705 DEBUG 13040 --- [http-nio-9999-exec-4] o.s.w.s.m.m.a.HttpEntityMethodProcessor  : Using 'application/json', given [application/json] and supported [application/json, application/*+json, application/json, application/*+json]
2022-03-02 01:00:14.705 DEBUG 13040 --- [http-nio-9999-exec-4] o.s.w.s.m.m.a.HttpEntityMethodProcessor  : Writing [com.truonggiang.employee_management_system.model.BaseModel@7b41fc4d]
2022-03-02 01:00:14.706 DEBUG 13040 --- [http-nio-9999-exec-4] o.s.web.servlet.DispatcherServlet        : Completed 500 INTERNAL_SERVER_ERROR
2022-03-02 01:00:30.554  INFO 13040 --- [SpringApplicationShutdownHook] j.LocalContainerEntityManagerFactoryBean : Closing JPA EntityManagerFactory for persistence unit 'default'
2022-03-02 01:00:30.557  INFO 13040 --- [SpringApplicationShutdownHook] com.zaxxer.hikari.HikariDataSource       : HikariPool-1 - Shutdown initiated...
2022-03-02 01:00:30.562  INFO 13040 --- [SpringApplicationShutdownHook] com.zaxxer.hikari.HikariDataSource       : HikariPool-1 - Shutdown completed.
2022-03-02 01:00:35.286  INFO 4028 --- [restartedMain] .t.e.EmployeeManagementSystemApplication : Starting EmployeeManagementSystemApplication using Java 1.8.0_202 on DESKTOP-N8AS16L with PID 4028 (F:\BE\employee_management_system\target\classes started by Truong Giang in F:\BE\employee_management_system)
2022-03-02 01:00:35.287  INFO 4028 --- [restartedMain] .t.e.EmployeeManagementSystemApplication : No active profile set, falling back to default profiles: default
2022-03-02 01:00:35.328  INFO 4028 --- [restartedMain] o.s.b.devtools.restart.ChangeableUrls    : The Class-Path manifest attribute in C:\Users\Truong Giang\.m2\repository\io\grpc\grpc-netty-shaded\1.21.0\grpc-netty-shaded-1.21.0.jar referenced one or more files that do not exist: file:/C:/Users/Truong%20Giang/.m2/repository/io/grpc/grpc-netty-shaded/1.21.0/grpc-core-1.21.0.jar,file:/C:/Users/Truong%20Giang/.m2/repository/io/grpc/grpc-netty-shaded/1.21.0/opencensus-contrib-grpc-metrics-0.21.0.jar,file:/C:/Users/Truong%20Giang/.m2/repository/io/grpc/grpc-netty-shaded/1.21.0/opencensus-api-0.21.0.jar,file:/C:/Users/Truong%20Giang/.m2/repository/io/grpc/grpc-netty-shaded/1.21.0/grpc-api-1.21.0.jar,file:/C:/Users/Truong%20Giang/.m2/repository/io/grpc/grpc-netty-shaded/1.21.0/gson-2.7.jar,file:/C:/Users/Truong%20Giang/.m2/repository/io/grpc/grpc-netty-shaded/1.21.0/annotations-4.1.1.4.jar,file:/C:/Users/Truong%20Giang/.m2/repository/io/grpc/grpc-netty-shaded/1.21.0/grpc-context-1.21.0.jar,file:/C:/Users/Truong%20Giang/.m2/repository/io/grpc/grpc-netty-shaded/1.21.0/error_prone_annotations-2.3.2.jar,file:/C:/Users/Truong%20Giang/.m2/repository/io/grpc/grpc-netty-shaded/1.21.0/jsr305-3.0.2.jar,file:/C:/Users/Truong%20Giang/.m2/repository/io/grpc/grpc-netty-shaded/1.21.0/animal-sniffer-annotations-1.17.jar,file:/C:/Users/Truong%20Giang/.m2/repository/io/grpc/grpc-netty-shaded/1.21.0/guava-26.0-android.jar,file:/C:/Users/Truong%20Giang/.m2/repository/io/grpc/grpc-netty-shaded/1.21.0/checker-compat-qual-2.5.2.jar,file:/C:/Users/Truong%20Giang/.m2/repository/io/grpc/grpc-netty-shaded/1.21.0/j2objc-annotations-1.1.jar
2022-03-02 01:00:35.328  INFO 4028 --- [restartedMain] .e.DevToolsPropertyDefaultsPostProcessor : Devtools property defaults active! Set 'spring.devtools.add-properties' to 'false' to disable
2022-03-02 01:00:35.329  INFO 4028 --- [restartedMain] .e.DevToolsPropertyDefaultsPostProcessor : For additional web related logging consider setting the 'logging.level.web' property to 'DEBUG'
2022-03-02 01:00:36.023  INFO 4028 --- [restartedMain] .s.d.r.c.RepositoryConfigurationDelegate : Bootstrapping Spring Data JPA repositories in DEFAULT mode.
2022-03-02 01:00:36.092  INFO 4028 --- [restartedMain] .s.d.r.c.RepositoryConfigurationDelegate : Finished Spring Data repository scanning in 58 ms. Found 4 JPA repository interfaces.
2022-03-02 01:00:36.299  INFO 4028 --- [restartedMain] trationDelegate$BeanPostProcessorChecker : Bean 'webConfiguration' of type [com.truonggiang.employee_management_system.config.WebConfiguration$$EnhancerBySpringCGLIB$$ddd03d34] is not eligible for getting processed by all BeanPostProcessors (for example: not eligible for auto-proxying)
2022-03-02 01:00:36.596  INFO 4028 --- [restartedMain] o.s.b.w.embedded.tomcat.TomcatWebServer  : Tomcat initialized with port(s): 9999 (http)
2022-03-02 01:00:36.602  INFO 4028 --- [restartedMain] o.apache.catalina.core.StandardService   : Starting service [Tomcat]
2022-03-02 01:00:36.602  INFO 4028 --- [restartedMain] org.apache.catalina.core.StandardEngine  : Starting Servlet engine: [Apache Tomcat/9.0.56]
2022-03-02 01:00:36.686  INFO 4028 --- [restartedMain] o.a.c.c.C.[Tomcat].[localhost].[/]       : Initializing Spring embedded WebApplicationContext
2022-03-02 01:00:36.687  INFO 4028 --- [restartedMain] w.s.c.ServletWebServerApplicationContext : Root WebApplicationContext: initialization completed in 1358 ms
2022-03-02 01:00:36.734  WARN 4028 --- [restartedMain] JpaBaseConfiguration$JpaWebConfiguration : spring.jpa.open-in-view is enabled by default. Therefore, database queries may be performed during view rendering. Explicitly configure spring.jpa.open-in-view to disable this warning
2022-03-02 01:00:36.781  INFO 4028 --- [restartedMain] com.zaxxer.hikari.HikariDataSource       : HikariPool-1 - Starting...
2022-03-02 01:00:36.940  INFO 4028 --- [restartedMain] com.zaxxer.hikari.HikariDataSource       : HikariPool-1 - Start completed.
2022-03-02 01:00:37.848  INFO 4028 --- [restartedMain] j.LocalContainerEntityManagerFactoryBean : Initialized JPA EntityManagerFactory for persistence unit 'default'
2022-03-02 01:00:38.588 DEBUG 4028 --- [restartedMain] s.w.s.m.m.a.RequestMappingHandlerMapping : 13 mappings in 'requestMappingHandlerMapping'
2022-03-02 01:00:38.686 DEBUG 4028 --- [restartedMain] o.s.w.s.handler.SimpleUrlHandlerMapping  : Patterns [/webjars/**, /**] in 'resourceHandlerMapping'
2022-03-02 01:00:38.766 DEBUG 4028 --- [restartedMain] s.w.s.m.m.a.RequestMappingHandlerAdapter : ControllerAdvice beans: 0 @ModelAttribute, 0 @InitBinder, 1 RequestBodyAdvice, 1 ResponseBodyAdvice
2022-03-02 01:00:38.944 DEBUG 4028 --- [restartedMain] .m.m.a.ExceptionHandlerExceptionResolver : ControllerAdvice beans: 0 @ExceptionHandler, 1 ResponseBodyAdvice
2022-03-02 01:00:39.075  INFO 4028 --- [restartedMain] o.s.b.d.a.OptionalLiveReloadServer       : LiveReload server is running on port 35729
2022-03-02 01:00:39.108  INFO 4028 --- [restartedMain] o.s.b.w.embedded.tomcat.TomcatWebServer  : Tomcat started on port(s): 9999 (http) with context path ''
2022-03-02 01:00:39.116  INFO 4028 --- [restartedMain] .t.e.EmployeeManagementSystemApplication : Started EmployeeManagementSystemApplication in 4.179 seconds (JVM running for 5.201)
2022-03-02 01:00:50.900  INFO 4028 --- [http-nio-9999-exec-2] o.a.c.c.C.[Tomcat].[localhost].[/]       : Initializing Spring DispatcherServlet 'dispatcherServlet'
2022-03-02 01:00:50.901  INFO 4028 --- [http-nio-9999-exec-2] o.s.web.servlet.DispatcherServlet        : Initializing Servlet 'dispatcherServlet'
2022-03-02 01:00:50.901 DEBUG 4028 --- [http-nio-9999-exec-2] o.s.web.servlet.DispatcherServlet        : Detected StandardServletMultipartResolver
2022-03-02 01:00:50.901 DEBUG 4028 --- [http-nio-9999-exec-2] o.s.web.servlet.DispatcherServlet        : Detected AcceptHeaderLocaleResolver
2022-03-02 01:00:50.901 DEBUG 4028 --- [http-nio-9999-exec-2] o.s.web.servlet.DispatcherServlet        : Detected FixedThemeResolver
2022-03-02 01:00:50.902 DEBUG 4028 --- [http-nio-9999-exec-2] o.s.web.servlet.DispatcherServlet        : Detected org.springframework.web.servlet.view.DefaultRequestToViewNameTranslator@7e6e7e27
2022-03-02 01:00:50.902 DEBUG 4028 --- [http-nio-9999-exec-2] o.s.web.servlet.DispatcherServlet        : Detected org.springframework.web.servlet.support.SessionFlashMapManager@378bd6d9
2022-03-02 01:00:50.902 DEBUG 4028 --- [http-nio-9999-exec-2] o.s.web.servlet.DispatcherServlet        : enableLoggingRequestDetails='false': request parameters and headers will be masked to prevent unsafe logging of potentially sensitive data
2022-03-02 01:00:50.902  INFO 4028 --- [http-nio-9999-exec-2] o.s.web.servlet.DispatcherServlet        : Completed initialization in 1 ms
2022-03-02 01:00:50.918 DEBUG 4028 --- [http-nio-9999-exec-2] s.w.s.m.m.a.RequestMappingHandlerMapping : Mapped to com.truonggiang.employee_management_system.controller.staff.StaffInformationController#getOneStaffInformation(UserPrincipal, String)
2022-03-02 01:00:51.374 DEBUG 4028 --- [http-nio-9999-exec-2] org.hibernate.SQL                        : select user0_.user_id as user_id1_8_, user0_.active_flg as active_f2_8_, user0_.full_name as full_nam3_8_, user0_.login_fist_time as login_fi4_8_, user0_.number_code as number_c5_8_, user0_.password as password6_8_, user0_.status as status7_8_, user0_.user_name as user_nam8_8_ from user user0_ where user0_.user_id=?
2022-03-02 01:00:51.417 DEBUG 4028 --- [http-nio-9999-exec-2] org.hibernate.SQL                        : select roles0_.user_id as user_id1_9_0_, roles0_.role_id as role_id2_9_0_, role1_.role_id as role_id1_4_1_, role1_.description as descript2_4_1_, role1_.role_cd as role_cd3_4_1_, role1_.role_name as role_nam4_4_1_ from user_role roles0_ inner join role role1_ on roles0_.role_id=role1_.role_id where roles0_.user_id=?
2022-03-02 01:00:51.448 DEBUG 4028 --- [http-nio-9999-exec-2] o.s.web.servlet.DispatcherServlet        : GET "/api/staff-information/get-one?staff_no=00000001", parameters={masked}
2022-03-02 01:00:51.449 DEBUG 4028 --- [http-nio-9999-exec-2] s.w.s.m.m.a.RequestMappingHandlerMapping : Mapped to com.truonggiang.employee_management_system.controller.staff.StaffInformationController#getOneStaffInformation(UserPrincipal, String)
2022-03-02 01:00:51.472  INFO 4028 --- [http-nio-9999-exec-2] c.t.e.controller.staff.StaffController   : Get one staff information
2022-03-02 01:00:51.478 DEBUG 4028 --- [http-nio-9999-exec-2] org.hibernate.SQL                        : select staffinfor0_.staff_information_id as staff_in1_7_, staffinfor0_.account_holder_name as account_2_7_, staffinfor0_.account_number as account_3_7_, staffinfor0_.bank_branch as bank_bra4_7_, staffinfor0_.emergency_contact_address as emergenc5_7_, staffinfor0_.emergency_contact_email as emergenc6_7_, staffinfor0_.emergency_contact_name as emergenc7_7_, staffinfor0_.emergency_contact_phone as emergenc8_7_, staffinfor0_.facebook_ulr as facebook9_7_, staffinfor0_.google_url as google_10_7_, staffinfor0_.linkedin_url as linkedi11_7_, staffinfor0_.staff_no as staff_n12_7_, staffinfor0_.story_experience as story_e13_7_, staffinfor0_.story_name as story_n14_7_, staffinfor0_.twitter_url as twitter15_7_ from staff_information staffinfor0_ where staffinfor0_.staff_no=?
2022-03-02 01:00:51.482  INFO 4028 --- [http-nio-9999-exec-2] c.t.e.controller.staff.StaffController   : Code = 200 OK,Get one staff information success!,time = 10
2022-03-02 01:00:51.518 DEBUG 4028 --- [http-nio-9999-exec-2] o.s.w.s.m.m.a.HttpEntityMethodProcessor  : Using 'application/json', given [application/json] and supported [application/json, application/*+json, application/json, application/*+json]
2022-03-02 01:00:51.518 DEBUG 4028 --- [http-nio-9999-exec-2] o.s.w.s.m.m.a.HttpEntityMethodProcessor  : Writing [StaffInformation(staffInformationId=null, staffNo=null, storyName=null, storyExperience=null, facebo (truncated)...]
2022-03-02 01:00:51.530 DEBUG 4028 --- [http-nio-9999-exec-2] o.s.web.servlet.DispatcherServlet        : Completed 200 OK
2022-03-02 01:09:25.820 DEBUG 4028 --- [http-nio-9999-exec-5] s.w.s.m.m.a.RequestMappingHandlerMapping : Mapped to com.truonggiang.employee_management_system.controller.staff.StaffInformationController#createOrUpdateStaffInformation(UserPrincipal, StaffInformationRequest)
2022-03-02 01:09:25.823 DEBUG 4028 --- [http-nio-9999-exec-5] org.hibernate.SQL                        : select user0_.user_id as user_id1_8_, user0_.active_flg as active_f2_8_, user0_.full_name as full_nam3_8_, user0_.login_fist_time as login_fi4_8_, user0_.number_code as number_c5_8_, user0_.password as password6_8_, user0_.status as status7_8_, user0_.user_name as user_nam8_8_ from user user0_ where user0_.user_id=?
2022-03-02 01:09:25.827 DEBUG 4028 --- [http-nio-9999-exec-5] org.hibernate.SQL                        : select roles0_.user_id as user_id1_9_0_, roles0_.role_id as role_id2_9_0_, role1_.role_id as role_id1_4_1_, role1_.description as descript2_4_1_, role1_.role_cd as role_cd3_4_1_, role1_.role_name as role_nam4_4_1_ from user_role roles0_ inner join role role1_ on roles0_.role_id=role1_.role_id where roles0_.user_id=?
2022-03-02 01:09:25.831 DEBUG 4028 --- [http-nio-9999-exec-5] o.s.web.servlet.DispatcherServlet        : POST "/api/staff-information/update-or-create", parameters={}
2022-03-02 01:09:25.831 DEBUG 4028 --- [http-nio-9999-exec-5] s.w.s.m.m.a.RequestMappingHandlerMapping : Mapped to com.truonggiang.employee_management_system.controller.staff.StaffInformationController#createOrUpdateStaffInformation(UserPrincipal, StaffInformationRequest)
2022-03-02 01:09:25.851 DEBUG 4028 --- [http-nio-9999-exec-5] m.m.a.RequestResponseBodyMethodProcessor : Read "application/json;charset=UTF-8" to [StaffInformationRequest(staffInformationId=null, staffNo=null, storyName=null, storyExperience=null, (truncated)...]
2022-03-02 01:09:25.926  WARN 4028 --- [http-nio-9999-exec-5] .w.s.m.s.DefaultHandlerExceptionResolver : Resolved [org.springframework.web.bind.MethodArgumentNotValidException: Validation failed for argument [1] in public org.springframework.http.ResponseEntity<?> com.truonggiang.employee_management_system.controller.staff.StaffInformationController.createOrUpdateStaffInformation(com.truonggiang.employee_management_system.security.UserPrincipal,com.truonggiang.employee_management_system.model.staff.StaffInformationRequest): [Field error in object 'staffInformationRequest' on field 'staffNo': rejected value [null]; codes [NotBlank.staffInformationRequest.staffNo,NotBlank.staffNo,NotBlank.java.lang.String,NotBlank]; arguments [org.springframework.context.support.DefaultMessageSourceResolvable: codes [staffInformationRequest.staffNo,staffNo]; arguments []; default message [staffNo]]; default message [must not be blank]] ]
2022-03-02 01:09:25.927 DEBUG 4028 --- [http-nio-9999-exec-5] o.s.web.servlet.DispatcherServlet        : Completed 400 BAD_REQUEST
2022-03-02 01:09:25.929 DEBUG 4028 --- [http-nio-9999-exec-5] o.s.web.servlet.DispatcherServlet        : "ERROR" dispatch for POST "/error", parameters={}
2022-03-02 01:09:25.929 DEBUG 4028 --- [http-nio-9999-exec-5] s.w.s.m.m.a.RequestMappingHandlerMapping : Mapped to org.springframework.boot.autoconfigure.web.servlet.error.BasicErrorController#error(HttpServletRequest)
2022-03-02 01:09:25.934 DEBUG 4028 --- [http-nio-9999-exec-5] o.s.w.s.m.m.a.HttpEntityMethodProcessor  : Using 'application/json', given [application/json] and supported [application/json, application/*+json, application/json, application/*+json]
2022-03-02 01:09:25.934 DEBUG 4028 --- [http-nio-9999-exec-5] o.s.w.s.m.m.a.HttpEntityMethodProcessor  : Writing [{timestamp=Wed Mar 02 01:09:25 ICT 2022, status=400, error=Bad Request, trace=org.springframework.we (truncated)...]
2022-03-02 01:09:25.954 DEBUG 4028 --- [http-nio-9999-exec-5] o.s.web.servlet.DispatcherServlet        : Exiting from "ERROR" dispatch, status 400
2022-03-02 01:10:06.527  INFO 4028 --- [SpringApplicationShutdownHook] j.LocalContainerEntityManagerFactoryBean : Closing JPA EntityManagerFactory for persistence unit 'default'
2022-03-02 01:10:06.529  INFO 4028 --- [SpringApplicationShutdownHook] com.zaxxer.hikari.HikariDataSource       : HikariPool-1 - Shutdown initiated...
2022-03-02 01:10:06.533  INFO 4028 --- [SpringApplicationShutdownHook] com.zaxxer.hikari.HikariDataSource       : HikariPool-1 - Shutdown completed.
2022-03-02 01:10:11.529  INFO 10752 --- [restartedMain] .t.e.EmployeeManagementSystemApplication : Starting EmployeeManagementSystemApplication using Java 1.8.0_202 on DESKTOP-N8AS16L with PID 10752 (F:\BE\employee_management_system\target\classes started by Truong Giang in F:\BE\employee_management_system)
2022-03-02 01:10:11.531  INFO 10752 --- [restartedMain] .t.e.EmployeeManagementSystemApplication : No active profile set, falling back to default profiles: default
2022-03-02 01:10:11.576  INFO 10752 --- [restartedMain] o.s.b.devtools.restart.ChangeableUrls    : The Class-Path manifest attribute in C:\Users\Truong Giang\.m2\repository\io\grpc\grpc-netty-shaded\1.21.0\grpc-netty-shaded-1.21.0.jar referenced one or more files that do not exist: file:/C:/Users/Truong%20Giang/.m2/repository/io/grpc/grpc-netty-shaded/1.21.0/grpc-core-1.21.0.jar,file:/C:/Users/Truong%20Giang/.m2/repository/io/grpc/grpc-netty-shaded/1.21.0/opencensus-contrib-grpc-metrics-0.21.0.jar,file:/C:/Users/Truong%20Giang/.m2/repository/io/grpc/grpc-netty-shaded/1.21.0/opencensus-api-0.21.0.jar,file:/C:/Users/Truong%20Giang/.m2/repository/io/grpc/grpc-netty-shaded/1.21.0/grpc-api-1.21.0.jar,file:/C:/Users/Truong%20Giang/.m2/repository/io/grpc/grpc-netty-shaded/1.21.0/gson-2.7.jar,file:/C:/Users/Truong%20Giang/.m2/repository/io/grpc/grpc-netty-shaded/1.21.0/annotations-4.1.1.4.jar,file:/C:/Users/Truong%20Giang/.m2/repository/io/grpc/grpc-netty-shaded/1.21.0/grpc-context-1.21.0.jar,file:/C:/Users/Truong%20Giang/.m2/repository/io/grpc/grpc-netty-shaded/1.21.0/error_prone_annotations-2.3.2.jar,file:/C:/Users/Truong%20Giang/.m2/repository/io/grpc/grpc-netty-shaded/1.21.0/jsr305-3.0.2.jar,file:/C:/Users/Truong%20Giang/.m2/repository/io/grpc/grpc-netty-shaded/1.21.0/animal-sniffer-annotations-1.17.jar,file:/C:/Users/Truong%20Giang/.m2/repository/io/grpc/grpc-netty-shaded/1.21.0/guava-26.0-android.jar,file:/C:/Users/Truong%20Giang/.m2/repository/io/grpc/grpc-netty-shaded/1.21.0/checker-compat-qual-2.5.2.jar,file:/C:/Users/Truong%20Giang/.m2/repository/io/grpc/grpc-netty-shaded/1.21.0/j2objc-annotations-1.1.jar
2022-03-02 01:10:11.577  INFO 10752 --- [restartedMain] .e.DevToolsPropertyDefaultsPostProcessor : Devtools property defaults active! Set 'spring.devtools.add-properties' to 'false' to disable
2022-03-02 01:10:11.577  INFO 10752 --- [restartedMain] .e.DevToolsPropertyDefaultsPostProcessor : For additional web related logging consider setting the 'logging.level.web' property to 'DEBUG'
2022-03-02 01:10:12.294  INFO 10752 --- [restartedMain] .s.d.r.c.RepositoryConfigurationDelegate : Bootstrapping Spring Data JPA repositories in DEFAULT mode.
2022-03-02 01:10:12.364  INFO 10752 --- [restartedMain] .s.d.r.c.RepositoryConfigurationDelegate : Finished Spring Data repository scanning in 62 ms. Found 4 JPA repository interfaces.
2022-03-02 01:10:12.566  INFO 10752 --- [restartedMain] trationDelegate$BeanPostProcessorChecker : Bean 'webConfiguration' of type [com.truonggiang.employee_management_system.config.WebConfiguration$$EnhancerBySpringCGLIB$$4411c275] is not eligible for getting processed by all BeanPostProcessors (for example: not eligible for auto-proxying)
2022-03-02 01:10:12.869  INFO 10752 --- [restartedMain] o.s.b.w.embedded.tomcat.TomcatWebServer  : Tomcat initialized with port(s): 9999 (http)
2022-03-02 01:10:12.875  INFO 10752 --- [restartedMain] o.apache.catalina.core.StandardService   : Starting service [Tomcat]
2022-03-02 01:10:12.875  INFO 10752 --- [restartedMain] org.apache.catalina.core.StandardEngine  : Starting Servlet engine: [Apache Tomcat/9.0.56]
2022-03-02 01:10:12.960  INFO 10752 --- [restartedMain] o.a.c.c.C.[Tomcat].[localhost].[/]       : Initializing Spring embedded WebApplicationContext
2022-03-02 01:10:12.960  INFO 10752 --- [restartedMain] w.s.c.ServletWebServerApplicationContext : Root WebApplicationContext: initialization completed in 1381 ms
2022-03-02 01:10:13.021  WARN 10752 --- [restartedMain] JpaBaseConfiguration$JpaWebConfiguration : spring.jpa.open-in-view is enabled by default. Therefore, database queries may be performed during view rendering. Explicitly configure spring.jpa.open-in-view to disable this warning
2022-03-02 01:10:13.070  INFO 10752 --- [restartedMain] com.zaxxer.hikari.HikariDataSource       : HikariPool-1 - Starting...
2022-03-02 01:10:13.249  INFO 10752 --- [restartedMain] com.zaxxer.hikari.HikariDataSource       : HikariPool-1 - Start completed.
2022-03-02 01:10:14.147  INFO 10752 --- [restartedMain] j.LocalContainerEntityManagerFactoryBean : Initialized JPA EntityManagerFactory for persistence unit 'default'
2022-03-02 01:10:14.902 DEBUG 10752 --- [restartedMain] s.w.s.m.m.a.RequestMappingHandlerMapping : 13 mappings in 'requestMappingHandlerMapping'
2022-03-02 01:10:15.001 DEBUG 10752 --- [restartedMain] o.s.w.s.handler.SimpleUrlHandlerMapping  : Patterns [/webjars/**, /**] in 'resourceHandlerMapping'
2022-03-02 01:10:15.081 DEBUG 10752 --- [restartedMain] s.w.s.m.m.a.RequestMappingHandlerAdapter : ControllerAdvice beans: 0 @ModelAttribute, 0 @InitBinder, 1 RequestBodyAdvice, 1 ResponseBodyAdvice
2022-03-02 01:10:15.279 DEBUG 10752 --- [restartedMain] .m.m.a.ExceptionHandlerExceptionResolver : ControllerAdvice beans: 0 @ExceptionHandler, 1 ResponseBodyAdvice
2022-03-02 01:10:15.412  INFO 10752 --- [restartedMain] o.s.b.d.a.OptionalLiveReloadServer       : LiveReload server is running on port 35729
2022-03-02 01:10:15.445  INFO 10752 --- [restartedMain] o.s.b.w.embedded.tomcat.TomcatWebServer  : Tomcat started on port(s): 9999 (http) with context path ''
2022-03-02 01:10:15.453  INFO 10752 --- [restartedMain] .t.e.EmployeeManagementSystemApplication : Started EmployeeManagementSystemApplication in 4.262 seconds (JVM running for 5.311)
2022-03-02 01:11:45.698  INFO 10752 --- [http-nio-9999-exec-2] o.a.c.c.C.[Tomcat].[localhost].[/]       : Initializing Spring DispatcherServlet 'dispatcherServlet'
2022-03-02 01:11:45.699  INFO 10752 --- [http-nio-9999-exec-2] o.s.web.servlet.DispatcherServlet        : Initializing Servlet 'dispatcherServlet'
2022-03-02 01:11:45.699 DEBUG 10752 --- [http-nio-9999-exec-2] o.s.web.servlet.DispatcherServlet        : Detected StandardServletMultipartResolver
2022-03-02 01:11:45.699 DEBUG 10752 --- [http-nio-9999-exec-2] o.s.web.servlet.DispatcherServlet        : Detected AcceptHeaderLocaleResolver
2022-03-02 01:11:45.699 DEBUG 10752 --- [http-nio-9999-exec-2] o.s.web.servlet.DispatcherServlet        : Detected FixedThemeResolver
2022-03-02 01:11:45.700 DEBUG 10752 --- [http-nio-9999-exec-2] o.s.web.servlet.DispatcherServlet        : Detected org.springframework.web.servlet.view.DefaultRequestToViewNameTranslator@718df25c
2022-03-02 01:11:45.700 DEBUG 10752 --- [http-nio-9999-exec-2] o.s.web.servlet.DispatcherServlet        : Detected org.springframework.web.servlet.support.SessionFlashMapManager@381a0fbf
2022-03-02 01:11:45.700 DEBUG 10752 --- [http-nio-9999-exec-2] o.s.web.servlet.DispatcherServlet        : enableLoggingRequestDetails='false': request parameters and headers will be masked to prevent unsafe logging of potentially sensitive data
2022-03-02 01:11:45.700  INFO 10752 --- [http-nio-9999-exec-2] o.s.web.servlet.DispatcherServlet        : Completed initialization in 1 ms
2022-03-02 01:11:45.716 DEBUG 10752 --- [http-nio-9999-exec-2] s.w.s.m.m.a.RequestMappingHandlerMapping : Mapped to com.truonggiang.employee_management_system.controller.staff.StaffInformationController#createOrUpdateStaffInformation(UserPrincipal, StaffInformationRequest)
2022-03-02 01:11:46.200 DEBUG 10752 --- [http-nio-9999-exec-2] org.hibernate.SQL                        : select user0_.user_id as user_id1_8_, user0_.active_flg as active_f2_8_, user0_.full_name as full_nam3_8_, user0_.login_fist_time as login_fi4_8_, user0_.number_code as number_c5_8_, user0_.password as password6_8_, user0_.status as status7_8_, user0_.user_name as user_nam8_8_ from user user0_ where user0_.user_id=?
2022-03-02 01:11:46.245 DEBUG 10752 --- [http-nio-9999-exec-2] org.hibernate.SQL                        : select roles0_.user_id as user_id1_9_0_, roles0_.role_id as role_id2_9_0_, role1_.role_id as role_id1_4_1_, role1_.description as descript2_4_1_, role1_.role_cd as role_cd3_4_1_, role1_.role_name as role_nam4_4_1_ from user_role roles0_ inner join role role1_ on roles0_.role_id=role1_.role_id where roles0_.user_id=?
2022-03-02 01:11:46.277 DEBUG 10752 --- [http-nio-9999-exec-2] o.s.web.servlet.DispatcherServlet        : POST "/api/staff-information/update-or-create", parameters={}
2022-03-02 01:11:46.278 DEBUG 10752 --- [http-nio-9999-exec-2] s.w.s.m.m.a.RequestMappingHandlerMapping : Mapped to com.truonggiang.employee_management_system.controller.staff.StaffInformationController#createOrUpdateStaffInformation(UserPrincipal, StaffInformationRequest)
2022-03-02 01:11:46.336 DEBUG 10752 --- [http-nio-9999-exec-2] m.m.a.RequestResponseBodyMethodProcessor : Read "application/json;charset=UTF-8" to [StaffInformationRequest(staffInformationId=null, staffNo=00000001, storyName=null, storyExperience=n (truncated)...]
2022-03-02 01:11:46.384  INFO 10752 --- [http-nio-9999-exec-2] c.t.e.controller.staff.StaffController   : Create or update  staff information
2022-03-02 01:11:46.390 DEBUG 10752 --- [http-nio-9999-exec-2] org.hibernate.SQL                        : select staffinfor0_.staff_information_id as staff_in1_7_, staffinfor0_.account_holder_name as account_2_7_, staffinfor0_.account_number as account_3_7_, staffinfor0_.bank_branch as bank_bra4_7_, staffinfor0_.bank_name as bank_nam5_7_, staffinfor0_.emergency_contact_address as emergenc6_7_, staffinfor0_.emergency_contact_email as emergenc7_7_, staffinfor0_.emergency_contact_name as emergenc8_7_, staffinfor0_.emergency_contact_phone as emergenc9_7_, staffinfor0_.facebook_ulr as faceboo10_7_, staffinfor0_.google_url as google_11_7_, staffinfor0_.linkedin_url as linkedi12_7_, staffinfor0_.staff_no as staff_n13_7_, staffinfor0_.story_experience as story_e14_7_, staffinfor0_.story_name as story_n15_7_, staffinfor0_.twitter_url as twitter16_7_ from staff_information staffinfor0_ where staffinfor0_.staff_no=?
2022-03-02 01:11:46.409 DEBUG 10752 --- [http-nio-9999-exec-2] org.hibernate.SQL                        : insert into staff_information (account_holder_name, account_number, bank_branch, bank_name, emergency_contact_address, emergency_contact_email, emergency_contact_name, emergency_contact_phone, facebook_ulr, google_url, linkedin_url, staff_no, story_experience, story_name, twitter_url) values (?, ?, ?, ?, ?, ?, ?, ?, ?, ?, ?, ?, ?, ?, ?)
2022-03-02 01:11:46.420  INFO 10752 --- [http-nio-9999-exec-2] c.t.e.controller.staff.StaffController   : Code = 200 OK,Create staff information success!,time = 36
2022-03-02 01:11:46.434 DEBUG 10752 --- [http-nio-9999-exec-2] o.s.w.s.m.m.a.HttpEntityMethodProcessor  : Using 'application/json', given [application/json] and supported [application/json, application/*+json, application/json, application/*+json]
2022-03-02 01:11:46.435 DEBUG 10752 --- [http-nio-9999-exec-2] o.s.w.s.m.m.a.HttpEntityMethodProcessor  : Writing [com.truonggiang.employee_management_system.model.BaseModel@45582ad6]
2022-03-02 01:11:46.448 DEBUG 10752 --- [http-nio-9999-exec-2] o.s.web.servlet.DispatcherServlet        : Completed 200 OK
2022-03-02 01:11:57.360 DEBUG 10752 --- [http-nio-9999-exec-3] s.w.s.m.m.a.RequestMappingHandlerMapping : Mapped to com.truonggiang.employee_management_system.controller.staff.StaffInformationController#getOneStaffInformation(UserPrincipal, String)
2022-03-02 01:11:57.363 DEBUG 10752 --- [http-nio-9999-exec-3] org.hibernate.SQL                        : select user0_.user_id as user_id1_8_, user0_.active_flg as active_f2_8_, user0_.full_name as full_nam3_8_, user0_.login_fist_time as login_fi4_8_, user0_.number_code as number_c5_8_, user0_.password as password6_8_, user0_.status as status7_8_, user0_.user_name as user_nam8_8_ from user user0_ where user0_.user_id=?
2022-03-02 01:11:57.365 DEBUG 10752 --- [http-nio-9999-exec-3] org.hibernate.SQL                        : select roles0_.user_id as user_id1_9_0_, roles0_.role_id as role_id2_9_0_, role1_.role_id as role_id1_4_1_, role1_.description as descript2_4_1_, role1_.role_cd as role_cd3_4_1_, role1_.role_name as role_nam4_4_1_ from user_role roles0_ inner join role role1_ on roles0_.role_id=role1_.role_id where roles0_.user_id=?
2022-03-02 01:11:57.367 DEBUG 10752 --- [http-nio-9999-exec-3] o.s.web.servlet.DispatcherServlet        : GET "/api/staff-information/get-one?staff_no=00000001", parameters={masked}
2022-03-02 01:11:57.367 DEBUG 10752 --- [http-nio-9999-exec-3] s.w.s.m.m.a.RequestMappingHandlerMapping : Mapped to com.truonggiang.employee_management_system.controller.staff.StaffInformationController#getOneStaffInformation(UserPrincipal, String)
2022-03-02 01:11:57.374  INFO 10752 --- [http-nio-9999-exec-3] c.t.e.controller.staff.StaffController   : Get one staff information
2022-03-02 01:11:57.374 DEBUG 10752 --- [http-nio-9999-exec-3] org.hibernate.SQL                        : select staffinfor0_.staff_information_id as staff_in1_7_, staffinfor0_.account_holder_name as account_2_7_, staffinfor0_.account_number as account_3_7_, staffinfor0_.bank_branch as bank_bra4_7_, staffinfor0_.bank_name as bank_nam5_7_, staffinfor0_.emergency_contact_address as emergenc6_7_, staffinfor0_.emergency_contact_email as emergenc7_7_, staffinfor0_.emergency_contact_name as emergenc8_7_, staffinfor0_.emergency_contact_phone as emergenc9_7_, staffinfor0_.facebook_ulr as faceboo10_7_, staffinfor0_.google_url as google_11_7_, staffinfor0_.linkedin_url as linkedi12_7_, staffinfor0_.staff_no as staff_n13_7_, staffinfor0_.story_experience as story_e14_7_, staffinfor0_.story_name as story_n15_7_, staffinfor0_.twitter_url as twitter16_7_ from staff_information staffinfor0_ where staffinfor0_.staff_no=?
2022-03-02 01:11:57.376  INFO 10752 --- [http-nio-9999-exec-3] c.t.e.controller.staff.StaffController   : Code = 200 OK,Get one staff information success!,time = 2
2022-03-02 01:11:57.379 DEBUG 10752 --- [http-nio-9999-exec-3] o.s.w.s.m.m.a.HttpEntityMethodProcessor  : Using 'application/json', given [application/json] and supported [application/json, application/*+json, application/json, application/*+json]
2022-03-02 01:11:57.379 DEBUG 10752 --- [http-nio-9999-exec-3] o.s.w.s.m.m.a.HttpEntityMethodProcessor  : Writing [StaffInformation(staffInformationId=1, staffNo=00000001, storyName=null, storyExperience=null, faceb (truncated)...]
2022-03-02 01:11:57.380 DEBUG 10752 --- [http-nio-9999-exec-3] o.s.web.servlet.DispatcherServlet        : Completed 200 OK
